1605863310432:rb
1606042237617:rbi b352aa77-7cc6-431e-a639-d9b5a5dd54fb
1606042284728:uni b352aa77-7cc6-431e-a639-d9b5a5dd54fb "Волшебный барабан"
1606042296408:rbi b352aa77-7cc6-431e-a639-d9b5a5dd54fb
1606042300279:rb
1606128934784:rbi 4854aca0-82c3-4a93-9698-eab22dad7e29
1606128949832:rai 0eddf4fd-e3a3-49d0-b203-4ebf1363b3be
1606139554883:rb
1606139563033:rbi 91a256e1-2a7e-4ca2-b764-2188669052b6
1606139585218:rai a86fd13b-c275-494c-9c9e-001306d38cb8
1606139642747:rb
1606139650426:rbi 7bc13109-f8b5-4497-8373-ff2dc0ee616b
1606139661018:rai 654ca664-53a0-4a2e-bedd-bbc360fe9024
1606139688919:uan 654ca664-53a0-4a2e-bedd-bbc360fe9024 ""ахар
1606139696625:rai 654ca664-53a0-4a2e-bedd-bbc360fe9024
1606139705569:rbi 7bc13109-f8b5-4497-8373-ff2dc0ee616b
1606139747825:rai 654ca664-53a0-4a2e-bedd-bbc360fe9024
1606140230009:rbi 7bc13109-f8b5-4497-8373-ff2dc0ee616b
1606140287355:uan 654ca664-53a0-4a2e-bedd-bbc360fe9024 "FFFFFFF"
1606140295905:rbi 7bc13109-f8b5-4497-8373-ff2dc0ee616b
1606140315369:rai 654ca664-53a0-4a2e-bedd-bbc360fe9024
1606149176205:rbi 7bc13109-f8b5-4497-8373-ff2dc0ee616b
1606507821899:rb
1606507831034:rbi 5e6c28c2-0d07-463f-b437-eded029e218f
1606658543405:rbi 4d3cfff1-60e4-41fd-9f74-49445e1e7d5b
1606658560399:rai 4d3cfff1-60e4-41fd-9f74-49445e1e7d5b
1606703894916:rb
1606703907883:rbi ebee557d-1fc9-4919-bd24-5ee47a838bcf
1606703958809:ra ebee557d-1fc9-4919-bd24-5ee47a838bcf
1606703979761:rai 3efcd328-f7b9-426a-8d1a-1f78aa7dcc3a
1606704057970:uan 3efcd328-f7b9-426a-8d1a-1f78aa7dcc3a "Gogo"
1606704069817:rai 3efcd328-f7b9-426a-8d1a-1f78aa7dcc3a
1606704079082:ra ebee557d-1fc9-4919-bd24-5ee47a838bcf
1606704511378:rbi ebee557d-1fc9-4919-bd24-5ee47a838bcf
1606704519585:rb
1606704581283:ua 3efcd328-f7b9-426a-8d1a-1f78aa7dcc3a "Yoyo"
1606704597619:rai 3efcd328-f7b9-426a-8d1a-1f78aa7dcc3a
1606704617033:ra ebee557d-1fc9-4919-bd24-5ee47a838bcf
1606704637393:rbi ebee557d-1fc9-4919-bd24-5ee47a838bcf
1606704645825:rb
1606706905852:rbi 2e1cf29a-f6b6-40ff-8ef0-325d0a51407b
1606706937837:rai 52854a0c-2cd0-4599-ab9c-e67e09f32d47
1606706969813:ua 52854a0c-2cd0-4599-ab9c-e67e09f32d47 "ggggg"
1606706990660:rbi 2e1cf29a-f6b6-40ff-8ef0-325d0a51407b
1606706999051:rb
1606710166466:rai 294b3665-2182-44e1-99e5-93fd38a6c1b8
1606711226944:rb
1606711247648:rbi a38581f1-7b25-4884-9296-252a48b31828
1606711259000:rui 294b3665-2182-44e1-99e5-93fd38a6c1b8
1606711265072:rai 294b3665-2182-44e1-99e5-93fd38a6c1b8
1607507496936:rb
1607507545406:ad yuyyuyu
1607507552574:ab iuiuiuiu
1607508034213:rb
1607508056231:ca 5fd09e600df7005fc7abb38b  newAuthor1
1607544009039:rb
1607544028196:ab tytyttyty
