1595679134262:l
1595679139023:к
1595679151464:r
1595681978964:l
1595681984182:к
1595681994224:r
1595682001495:s
1595684624086:l
1595684628485:к
1595684634539:r
1595684639396:s
1595684645748:к
1595684649410:r
1595685031823:l
1595685077859:s
1595708464774:l
1595708476939:ra
1595708497332:sa Примаков
1595708505121:ra
1595710074114:l
1595710077809:ra
1595710102058:sa Гарри Гаррисон
1595710120143:sa Гаррисон
1595710167110:д
1595710169244:l
1595710171836:ra
1595710182853:sa Гаррисон
1595710186515:ra
1595710204666:sa Нортон
1595710208378:ra
1595710232177:sa Лондон
1595710234000:ra
1595710257710:da
1595710268686:ra
1595710275623:da Нортон
1595710278318:ra
1595710304565:sa Нортон
1595710306516:ra
1595710330796:sa Самуэль Моэм
1595710512714:l
1595710515072:ra
1595710551583:l
1595710554102:ra
1595710576671:sa "Шишханов Александр"
1595710581964:ra
1595710614762:da ""
1595710634451:da "Жорж Санд"
1595710637353:ra
1596432430852:l
1596432439763:rb ""
1596432484625:l
1596432515529:rb Десять
1596810807153:l
1596810924955:киш 1
1596810967435:rbi 1
1596811048723:l
1596811056518:cbi 1
1596811075617:rbi 1
1596812547575:l ууу
1596812644748:rbi 1
1596812738446:l
1596812745199:rbi 1
1596813078071:rbi 2
1596813086544:rbi 3
1596814239248:l
1596814252207:rbn ""
1596814270901:rbn Десять негритят
1596814372435:l
1596814379337:rbi Основание
1596814387640:rbn Основание
1596814409065:rbn 'Десять негритят'
1596815323132:l
1596815327401:rab
1596818327110:l
1596818331311:rab
1596818540257:l
1596818544368:rab
1596826468079:cb 'Двадцать тысяч' '' ''sфанта
1596826504175:cb 'дл ''ывыв 'ee
1596826512525:rab
1596826678271:cb 'Двадцать тысячь лье под водой' ''антастика 'Жуль Верн'
1596826681732:rab
1596826705344:rbi 7
1597185188995:l
1597185367869:ca 'uu'
1597185620497:l
1597185644761:ca 'rrrr'
1597185664120:ca2 'dddd'
1597185799788:l
1597185819464:ca 'eeee'
1597185837239:ca2 'dddddd'
1597223651843:l
1597223928416:ca 'New Author'
1597223952579:ca2 'dddd'
1597225277268:l
1597225285681:ca 'ttttt'
1597225326627:ca2 'uuuu'
1597226353970:l
1597226362703:ca 'eeeeeee'
1597226370263:ca2 'ddddddddddd'
1597227838300:l
1597227843673:ca 'tttttt'
1597227851427:ca2 'wwwwww'
1597228168925:l
1597228174871:ca 'ffffff'
1597228181217:ca2 'uuuuuuu'
1597228618236:l
1597228624694:ca2 'tttttt'
1597240030819:l
1597240037334:ca 'rrrrr'
1597240048471:ca2 'uuuuuuu'
1597479938927:l
1597487433843:д
1597487436510:l
1597487467386:ca2 эЛеммингэ
1597487498256:ca2 dfdfdf
1597487516594:ca2 'sdsd sdsd '
1597487525893:ca2 sdsdsd sdsd sdsd
1597487535569:ca2 'popopo popopo popoo'
1597600269246:l
1597600350166:rb
1597600375806:ca yuyuyuy
1597601366664:l
1597601370126:rb
1597601410454:db 2
1597601415951:rb
1598262374445:l
1598262431179:ra
1598262436830:rb
1598262440093:c
1598263066492:ra
1598263069327:rb
1598263079640:rg
1598263082102:rc
1598351609162:rb
