1598464734449:ra
1598464745059:da 2
1598464750446:ra
1598464756613:da5
1598464760308:da 5
1598464762645:ra
1598464968466:rb
1598464976148:db 3
1598464979614:rb
1598470155134:rba 'Агата Кристи'
1598470233077:rb
1598470246677:rba ''гата Кристи
1598470263110:rba 'Агата Кристи'
1598470548819:rb
1598470568587:rba 'Агата Кристи'
1598470640545:rb
1598470658009:rba "Агата Кристи"
1598470703563:eb
1598470708187:rb
1598470766305:rba 'Агата Кристи'
1598473476870:rba "Агата Кристи"
1598473764102:rba 'Агата Кристи'
1598473948308:rba "Агата Кристи"
1598697479152:rb
1598703992969:ra
1598703996001:rc
1598703999929:rg
1598704054428:rb
1598704076362:cg hjhj
1598704087665:ca dfgdg
1598704093385:ra
1598839854273:rb
1598839867415:rba ''гат
1598839912617:rb
1598839926152:rb 'Агата Кристи'
1598839975744:rba 'Агата Кисти'
1598840013215:rba 'Агата Кристи'
1598840180906:rb
1598840237857:rba 3
1598840466287:rba 3L
1598840473091:rba 3
1598884065506:rba
1598884070255:rba 3
1598962819810:rb
1598962835168:rba 3
1598972212072:rb
1598972649754:rba 3
1598974760207:rba ghgh
1599026088965:rba ttt
1599026205369:rba rrr
1599027624459:rba hhh
1599027801403:rba uuu
1599028053170:rba kkk
1599028708538:rba hhh
1599028793898:rb
1599028805833:rba 'Агата Кристи'
1599028906418:rb
1599028913800:rba fgfg
1599030061413:rba 'Агата Кристи'
1599030142579:rba jkk
1599055594124:rba 'Агата Кристи'
1599055672268:rba 3
1599114655274:rban 'Агата Кристи'
1599115082157:rban ' Агата Кристи'
1599115599924:rbai 3
1599116066461:rban 'Агата Кристи'
1599118705802:rba 'Агата Кристи'
1599162408287:rb
1599162471909:rba 'Агата Кристи'
1599162556820:rb
1599162575834:rba 'Агата Кристи'
1599162618716:rba 'Агата Кисти'
1599162633274:rba 'Агата Кристи'
